0 info it worked if it ends with ok
1 verbose cli [ '/usr/bin/node', '/usr/bin/npm', 'run', 'serve' ]
2 info using npm@3.5.2
3 info using node@v8.10.0
4 verbose run-script [ 'preserve', 'serve', 'postserve' ]
5 info lifecycle flask-react-boilerplate@0.1.0~preserve: flask-react-boilerplate@0.1.0
6 silly lifecycle flask-react-boilerplate@0.1.0~preserve: no script for preserve, continuing
7 info lifecycle flask-react-boilerplate@0.1.0~serve: flask-react-boilerplate@0.1.0
8 verbose lifecycle flask-react-boilerplate@0.1.0~serve: unsafe-perm in lifecycle true
9 verbose lifecycle flask-react-boilerplate@0.1.0~serve: PATH: /usr/share/npm/bin/node-gyp-bin:/home/hp/Work/test-task-rs-1/node_modules/.bin:/home/hp/.local/bin:/usr/local/sbin:/usr/local/bin:/usr/sbin:/usr/bin:/sbin:/bin:/usr/games:/usr/local/games:/usr/local/ssl/bin:/snap/bin:/usr/lib/jvm/java-13-oracle/bin:/usr/lib/jvm/java-13-oracle/db/bin
10 verbose lifecycle flask-react-boilerplate@0.1.0~serve: CWD: /home/hp/Work/test-task-rs-1
11 silly lifecycle flask-react-boilerplate@0.1.0~serve: Args: [ '-c', 'FLASK_APP=backend/app.py flask run --port=5000' ]
12 silly lifecycle flask-react-boilerplate@0.1.0~serve: Returned: code: 2  signal: null
13 info lifecycle flask-react-boilerplate@0.1.0~serve: Failed to exec serve script
14 verbose stack Error: flask-react-boilerplate@0.1.0 serve: `FLASK_APP=backend/app.py flask run --port=5000`
14 verbose stack Exit status 2
14 verbose stack     at EventEmitter.<anonymous> (/usr/share/npm/lib/utils/lifecycle.js:232:16)
14 verbose stack     at emitTwo (events.js:126:13)
14 verbose stack     at EventEmitter.emit (events.js:214:7)
14 verbose stack     at ChildProcess.<anonymous> (/usr/share/npm/lib/utils/spawn.js:24:14)
14 verbose stack     at emitTwo (events.js:126:13)
14 verbose stack     at ChildProcess.emit (events.js:214:7)
14 verbose stack     at maybeClose (internal/child_process.js:925:16)
14 verbose stack     at Process.ChildProcess._handle.onexit (internal/child_process.js:209:5)
15 verbose pkgid flask-react-boilerplate@0.1.0
16 verbose cwd /home/hp/Work/test-task-rs-1
17 error Linux 5.3.0-26-generic
18 error argv "/usr/bin/node" "/usr/bin/npm" "run" "serve"
19 error node v8.10.0
20 error npm  v3.5.2
21 error code ELIFECYCLE
22 error flask-react-boilerplate@0.1.0 serve: `FLASK_APP=backend/app.py flask run --port=5000`
22 error Exit status 2
23 error Failed at the flask-react-boilerplate@0.1.0 serve script 'FLASK_APP=backend/app.py flask run --port=5000'.
23 error Make sure you have the latest version of node.js and npm installed.
23 error If you do, this is most likely a problem with the flask-react-boilerplate package,
23 error not with npm itself.
23 error Tell the author that this fails on your system:
23 error     FLASK_APP=backend/app.py flask run --port=5000
23 error You can get information on how to open an issue for this project with:
23 error     npm bugs flask-react-boilerplate
23 error Or if that isn't available, you can get their info via:
23 error     npm owner ls flask-react-boilerplate
23 error There is likely additional logging output above.
24 verbose exit [ 1, true ]
